<?xml version="1.0" encoding="UTF-8"?>
<!-- Generated by org.testng.reporters.JUnitXMLReporter -->
<testsuite hostname="HP-PC" ignored="0" name="Test1" tests="21" failures="5" timestamp="17 Jul 2021 06:14:37 GMT" time="37.151" errors="0">
  <testcase name="testMethod1" time="0.019" classname="annotations.TestClasswithListnerImplemented"/>
  <testcase name="testMethod2" time="0.009" classname="annotations.TestClasswithListnerImplemented">
    <failure type="junit.framework.AssertionFailedError">
      <![CDATA[junit.framework.AssertionFailedError
at junit.framework.Assert.fail(Assert.java:47)
at junit.framework.Assert.fail(Assert.java:53)
at annotations.TestClasswithListnerImplemented.testMethod2(TestClasswithListnerImplemented.java:22)
at java.util.concurrent.ThreadPoolExecutor.runWorker(Unknown Source)
at java.util.concurrent.ThreadPoolExecutor$Worker.run(Unknown Source)
at java.lang.Thread.run(Unknown Source)
... Removed 10 stack frames]]>
    </failure>
  </testcase> <!-- testMethod2 -->
  <testcase name="def" time="0.009" classname="annotations.TestNgAnnotation">
    <failure type="junit.framework.AssertionFailedError">
      <![CDATA[junit.framework.AssertionFailedError
at junit.framework.Assert.fail(Assert.java:47)
at junit.framework.Assert.fail(Assert.java:53)
at annotations.TestNgAnnotation.def(TestNgAnnotation.java:17)
at java.util.concurrent.ThreadPoolExecutor.runWorker(Unknown Source)
at java.util.concurrent.ThreadPoolExecutor$Worker.run(Unknown Source)
at java.lang.Thread.run(Unknown Source)
... Removed 10 stack frames]]>
    </failure>
  </testcase> <!-- def -->
  <testcase name="f" time="0.001" classname="annotations.Test3"/>
  <testcase name="abc" time="0.003" classname="annotations.TestNgAnnotation"/>
  <testcase name="ghi" time="0.002" classname="annotations.Test2"/>
  <testcase name="testMethod5" time="0.007" classname="annotations.TestClasswithListnerImplemented"/>
  <testcase name="klm" time="0.001" classname="annotations.TestNgAnnotation"/>
  <testcase name="test1" time="36.92" classname="annotations.FirstTestNGListner"/>
  <testcase name="Titlematch" time="0.009" classname="annotations.FirstTestNGListner">
    <failure type="java.lang.AssertionError" message="null">
      <![CDATA[java.lang.AssertionError: null
at annotations.FirstTestNGListner.Titlematch(FirstTestNGListner.java:33)
at java.util.concurrent.ThreadPoolExecutor.runWorker(Unknown Source)
at java.util.concurrent.ThreadPoolExecutor$Worker.run(Unknown Source)
at java.lang.Thread.run(Unknown Source)
... Removed 12 stack frames]]>
    </failure>
  </testcase> <!-- Titlematch -->
  <testcase name="Titlematch" time="0.002" classname="annotations.FirstTestNGListner">
    <failure type="java.lang.AssertionError" message="null">
      <![CDATA[java.lang.AssertionError: null
at annotations.FirstTestNGListner.Titlematch(FirstTestNGListner.java:33)
at java.util.concurrent.ThreadPoolExecutor.runWorker(Unknown Source)
at java.util.concurrent.ThreadPoolExecutor$Worker.run(Unknown Source)
at java.lang.Thread.run(Unknown Source)
... Removed 12 stack frames]]>
    </failure>
  </testcase> <!-- Titlematch -->
  <testcase name="Titlematch" time="0.002" classname="annotations.FirstTestNGListner">
    <failure type="java.lang.AssertionError" message="null">
      <![CDATA[java.lang.AssertionError: null
at annotations.FirstTestNGListner.Titlematch(FirstTestNGListner.java:33)
at java.util.concurrent.ThreadPoolExecutor.runWorker(Unknown Source)
at java.util.concurrent.ThreadPoolExecutor$Worker.run(Unknown Source)
at java.lang.Thread.run(Unknown Source)
... Removed 12 stack frames]]>
    </failure>
  </testcase> <!-- Titlematch -->
  <testcase name="testMethod3" time="0.007" classname="annotations.TestClasswithListnerImplemented"/>
  <testcase name="ghi" time="0.008" classname="annotations.TestNgAnnotation"/>
  <testcase name="ghi" time="0.002" classname="annotations.TestNgAnnotation"/>
  <testcase name="ghi" time="0.002" classname="annotations.TestNgAnnotation"/>
  <testcase name="testMethod3" time="0.011" classname="annotations.TestClasswithListnerImplemented"/>
  <testcase name="testMethod3" time="0.001" classname="annotations.TestClasswithListnerImplemented"/>
  <testcase name="Titlematch3" time="0.001" classname="annotations.FirstTestNGListner"/>
  <testcase name="testMethod4" time="0.0" classname="annotations.TestClasswithListnerImplemented">
    <skipped/>
  </testcase> <!-- testMethod4 -->
  <testcase name="jkl" time="0.0" classname="annotations.TestNgAnnotation">
    <skipped/>
  </testcase> <!-- jkl -->
</testsuite> <!-- Test1 -->
