<?xml version="1.0" encoding="UTF-8"?>
<!-- Generated by org.testng.reporters.JUnitXMLReporter -->
<testsuite hostname="HP-PC" ignored="2" name="TestGp(failed)(failed)" tests="2" failures="0" timestamp="26 Jun 2021 14:57:23 GMT" time="0.1" errors="0">
  <testcase name="abc" time="0.043" classname="group.Groupping"/>
  <testcase name="ghi" time="0.002" classname="group.Groupping"/>
  <testcase name="mno" time="0.0" classname="group.Groupping">
    <ignored/>
  </testcase> <!-- mno -->
  <testcase name="def" time="0.0" classname="group.Groupping">
    <ignored/>
  </testcase> <!-- def -->
</testsuite> <!-- TestGp(failed)(failed) -->
