<?xml version="1.0" encoding="UTF-8"?>
<!-- Generated by org.testng.reporters.JUnitXMLReporter -->
<testsuite hostname="HP-PC" ignored="3" name="TestGP" tests="1" failures="0" timestamp="30 Jun 2021 10:23:36 GMT" time="0.04" errors="0">
  <testcase name="ghi" time="0.01" classname="groupMethods.Groupping"/>
  <testcase name="abc" time="0.0" classname="groupMethods.Groupping">
    <ignored/>
  </testcase> <!-- abc -->
  <testcase name="def" time="0.0" classname="groupMethods.Groupping">
    <ignored/>
  </testcase> <!-- def -->
  <testcase name="mno" time="0.0" classname="groupMethods.Groupping">
    <ignored/>
  </testcase> <!-- mno -->
</testsuite> <!-- TestGP -->
