<?xml version="1.0" encoding="UTF-8"?>
<!-- Generated by org.testng.reporters.JUnitXMLReporter -->
<testsuite hostname="HP-PC" ignored="1" name="TestMGP" tests="3" failures="0" timestamp="01 Jul 2021 10:27:17 GMT" time="0.057" errors="0">
  <testcase name="abc" time="0.02" classname="groupMethods.Groupping"/>
  <testcase name="def" time="0.005" classname="groupMethods.Groupping"/>
  <testcase name="mno" time="0.0" classname="groupMethods.Groupping"/>
  <testcase name="ghi" time="0.0" classname="groupMethods.Groupping">
    <ignored/>
  </testcase> <!-- ghi -->
</testsuite> <!-- TestMGP -->
